consumerapp/build/intermediates/manifest_merge_blame_file/debug/manifest-merger-blame-debug-report.txt
1<?xml version="1.0" encoding="utf-8"?>
2<manifest xmlns:android="http://schemas.android.com/apk/res/android"
3    package="com.fauzimaulana.consumerapp"
4    android:versionCode="1"
5    android:versionName="1.0" >
6
7    <uses-sdk
8        android:minSdkVersion="21"
8-->src\main\AndroidManifest.xml
9        android:targetSdkVersion="30" />
9-->src\main\AndroidManifest.xml
10
11    <permission android:name="com.fauzimaulana.mynotesapp.READ_DATABASE" />
11-->src\main\AndroidManifest.xml:5:5-75
11-->src\main\AndroidManifest.xml:5:17-73
12    <permission android:name="com.fauzimaulana.mynotesapp.WRITE_DATABASE" />
12-->src\main\AndroidManifest.xml:6:5-76
12-->src\main\AndroidManifest.xml:6:17-74
13
14    <queries>
14-->src\main\AndroidManifest.xml:25:5-27:15
15        <package android:name="com.fauzimaulana.mynotesapp" />
15-->src\main\AndroidManifest.xml:26:9-63
15-->src\main\AndroidManifest.xml:26:18-60
16    </queries>
17
18    <application
18-->src\main\AndroidManifest.xml:8:5-23:19
19        android:allowBackup="true"
19-->src\main\AndroidManifest.xml:9:9-35
20        android:appComponentFactory="androidx.core.app.CoreComponentFactory"
20-->[androidx.core:core:1.6.0] AndroidManifest.xml:24:18-86
21        android:debuggable="true"
22        android:icon="@mipmap/ic_launcher"
22-->src\main\AndroidManifest.xml:10:9-43
23        android:label="@string/app_name"
23-->src\main\AndroidManifest.xml:11:9-41
24        android:roundIcon="@mipmap/ic_launcher_round"
24-->src\main\AndroidManifest.xml:12:9-54
25        android:supportsRtl="true"
25-->src\main\AndroidManifest.xml:13:9-35
26        android:testOnly="true"
27        android:theme="@style/Theme.MyNotesApp" >
27-->src\main\AndroidManifest.xml:14:9-48
28        <activity android:name="com.fauzimaulana.consumerapp.MainActivity" >
28-->src\main\AndroidManifest.xml:15:9-21:20
28-->src\main\AndroidManifest.xml:15:19-47
29            <intent-filter>
29-->src\main\AndroidManifest.xml:16:13-20:29
30                <action android:name="android.intent.action.MAIN" />
30-->src\main\AndroidManifest.xml:17:17-69
30-->src\main\AndroidManifest.xml:17:25-66
31
32                <category android:name="android.intent.category.LAUNCHER" />
32-->src\main\AndroidManifest.xml:19:17-77
32-->src\main\AndroidManifest.xml:19:27-74
33            </intent-filter>
34        </activity>
35        <activity android:name="com.fauzimaulana.consumerapp.NoteAddUpdateActivity" />
35-->src\main\AndroidManifest.xml:22:9-59
35-->src\main\AndroidManifest.xml:22:19-56
36    </application>
37
38</manifest>